<?xml version="1.0" encoding="UTF-8"?>
<!-- Generated by org.testng.reporters.JUnitReportReporter -->
<testsuite hostname="DESKTOP-L0CE2LE" failures="0" tests="2" name="demo.luckyTest" time="0.016" errors="0" timestamp="2023-02-08T20:00:34 IST" skipped="0">
  <testcase classname="demo.luckyTest" name="luckyTest2" time="0.004"/>
  <system-out/>
  <testcase classname="demo.luckyTest" name="luckyTest1" time="0.012"/>
  <system-out/>
</testsuite> <!-- demo.luckyTest -->
