<?xml version="1.0" encoding="UTF-8"?>
<!-- Generated by org.testng.reporters.JUnitReportReporter -->
<testsuite hostname="DESKTOP-L0CE2LE" failures="0" tests="2" name="demopractice.SampleTest" time="0.020" errors="0" timestamp="2023-02-10T11:39:41 IST" skipped="0">
  <testcase classname="demopractice.SampleTest" name="sampleTest" time="0.015"/>
  <system-out/>
  <testcase classname="demopractice.SampleTest" name="sampleTest1" time="0.005"/>
  <system-out/>
</testsuite> <!-- demopractice.SampleTest -->
