<?xml version="1.0" encoding="UTF-8"?>
<!-- Generated by org.testng.reporters.JUnitReportReporter -->
<testsuite hostname="DESKTOP-L0CE2LE" failures="0" tests="1" name="sample.SampleTest" time="0.014" errors="0" timestamp="2023-02-10T11:49:34 IST" skipped="0">
  <testcase classname="sample.SampleTest" name="prabaTest" time="0.014"/>
  <system-out/>
</testsuite> <!-- sample.SampleTest -->
