<?xml version="1.0" encoding="UTF-8"?>
<!-- Generated by org.testng.reporters.JUnitReportReporter -->
<testsuite hostname="DESKTOP-L0CE2LE" failures="0" tests="1" name="demopractice.SampleTest" time="0.013" errors="0" timestamp="2023-02-09T20:08:46 IST" skipped="0">
  <testcase classname="demopractice.SampleTest" name="sampleTest" time="0.013"/>
  <system-out/>
</testsuite> <!-- demopractice.SampleTest -->
