<?xml version="1.0" encoding="UTF-8"?>
<!-- Generated by org.testng.reporters.JUnitReportReporter -->
<testsuite hostname="DESKTOP-L0CE2LE" failures="0" tests="1" name="dolll.Lucky" time="0.014" errors="0" timestamp="2023-02-09T19:38:17 IST" skipped="0">
  <testcase classname="dolll.Lucky" name="sampleTest" time="0.014"/>
  <system-out/>
</testsuite> <!-- dolll.Lucky -->
