<?xml version="1.0" encoding="UTF-8"?>
<!-- Generated by org.testng.reporters.JUnitReportReporter -->
<testsuite hostname="DESKTOP-L0CE2LE" failures="0" tests="3" name="practice.Demo" time="0.021" errors="0" timestamp="2023-02-08T18:29:15 IST" skipped="0">
  <testcase classname="practice.Demo" name="demoTest1" time="0.014"/>
  <system-out/>
  <testcase classname="practice.Demo" name="demoTest3" time="0.003"/>
  <system-out/>
  <testcase classname="practice.Demo" name="demoTest2" time="0.004"/>
  <system-out/>
</testsuite> <!-- practice.Demo -->
